<?xml version="1.0" encoding="UTF-8"?>
<!-- Generated by org.testng.reporters.JUnitReportReporter -->
<testsuite skipped="0" hostname="DESKTOP-S5MAUQI" name="com.tst.Testng" tests="2" failures="0" timestamp="16 Oct 2022 10:01:01 GMT" time="0.027" errors="0">
  <testcase name="tset10" time="0.020" classname="com.tst.Testng"/>
  <testcase name="tset9" time="0.007" classname="com.tst.Testng"/>
</testsuite> <!-- com.tst.Testng -->
